<?xml version="1.0" encoding="UTF-8"?>
<robot generator="Robot 7.0 (Python 3.12.2 on win32)" generated="2024-02-22T10:15:43.763327" rpa="false" schemaversion="5">
<suite id="s1" name="Test01" source="C:\Users\dtaguetieu2023\PycharmProjects\cours_robot\test01.robot">
<test id="s1-t1" name="mon premier test" line="2">
<kw name="Log" owner="BuiltIn">
<msg time="2024-02-22T10:15:43.777327" level="INFO">Hello World</msg>
<arg>Hello World</arg>
<doc>Logs the given message with the given level.</doc>
<status status="PASS" start="2024-02-22T10:15:43.777327" elapsed="0.001000"/>
</kw>
<kw name="Should Be Equal" owner="BuiltIn">
<msg time="2024-02-22T10:15:43.779327" level="FAIL">a != b</msg>
<arg>a</arg>
<arg>b</arg>
<doc>Fails if the given objects are unequal.</doc>
<status status="FAIL" start="2024-02-22T10:15:43.779327" elapsed="0.000000">a != b</status>
</kw>
<status status="FAIL" start="2024-02-22T10:15:43.777327" elapsed="0.002000">a != b</status>
</test>
<status status="FAIL" start="2024-02-22T10:15:43.766327" elapsed="0.013000"/>
</suite>
<statistics>
<total>
<stat pass="0" fail="1" skip="0">All Tests</stat>
</total>
<tag>
</tag>
<suite>
<stat pass="0" fail="1" skip="0" id="s1" name="Test01">Test01</stat>
</suite>
</statistics>
<errors>
</errors>
</robot>
